\BOOKMARK [1][-]{section.1}{Assignment 1: Assignment Title}{}% 1
\BOOKMARK [2][-]{subsection.1.1}{Setup}{section.1}% 2
\BOOKMARK [3][-]{section*.2}{Language and Frameworks}{subsection.1.1}% 3
\BOOKMARK [3][-]{section*.3}{Files}{subsection.1.1}% 4
\BOOKMARK [3][-]{section*.4}{Program Execution}{subsection.1.1}% 5
\BOOKMARK [3][-]{section*.5}{Test Execution}{subsection.1.1}% 6
\BOOKMARK [2][-]{subsection.1.2}{Implementation}{section.1}% 7
\BOOKMARK [3][-]{section*.6}{Assumptions}{subsection.1.2}% 8
\BOOKMARK [3][-]{section*.7}{Keeping Things Organized}{subsection.1.2}% 9
\BOOKMARK [3][-]{section*.8}{Processes and Communication}{subsection.1.2}% 10
\BOOKMARK [3][-]{section*.9}{Guessing While no Question is Active}{subsection.1.2}% 11
\BOOKMARK [3][-]{section*.10}{Suggested Improvements to the Kaboose API}{subsection.1.2}% 12
\BOOKMARK [2][-]{subsection.1.3}{Assessment}{section.1}% 13
\BOOKMARK [3][-]{section*.11}{Scope of Test Cases}{subsection.1.3}% 14
\BOOKMARK [3][-]{section*.12}{Correctness of Solution}{subsection.1.3}% 15
\BOOKMARK [3][-]{section*.13}{Summary of Code Quality}{subsection.1.3}% 16
\BOOKMARK [1][-]{section*.14}{Appendices}{}% 17
\BOOKMARK [1][-]{Appendix.1.A}{Assignment 1}{}% 18
\BOOKMARK [2][-]{subsection.1.A.1}{actionModuleServer.erl}{Appendix.1.A}% 19
\BOOKMARK [2][-]{subsection.1.A.2}{simpleSupervisor.erl}{Appendix.1.A}% 20
