cabal: Entering directory '/var/folders/kj/kvwp229d2vdd49m758mdr_hc0000gn/T/cabal-tmp-66990/parsec-3.1.11'
Configuring parsec-3.1.11...
Preprocessing library for parsec-3.1.11..
Building library for parsec-3.1.11..
[ 1 of 25] Compiling Text.Parsec.Pos  ( Text/Parsec/Pos.hs, dist/dist-sandbox-b55cc25f/build/Text/Parsec/Pos.o )
[ 2 of 25] Compiling Text.Parsec.Error ( Text/Parsec/Error.hs, dist/dist-sandbox-b55cc25f/build/Text/Parsec/Error.o )
[ 3 of 25] Compiling Text.Parsec.Prim ( Text/Parsec/Prim.hs, dist/dist-sandbox-b55cc25f/build/Text/Parsec/Prim.o )
[ 4 of 25] Compiling Text.Parsec.Combinator ( Text/Parsec/Combinator.hs, dist/dist-sandbox-b55cc25f/build/Text/Parsec/Combinator.o )
[ 5 of 25] Compiling Text.Parsec.Expr ( Text/Parsec/Expr.hs, dist/dist-sandbox-b55cc25f/build/Text/Parsec/Expr.o )
[ 6 of 25] Compiling Text.Parsec.Char ( Text/Parsec/Char.hs, dist/dist-sandbox-b55cc25f/build/Text/Parsec/Char.o )
[ 7 of 25] Compiling Text.Parsec.ByteString.Lazy ( Text/Parsec/ByteString/Lazy.hs, dist/dist-sandbox-b55cc25f/build/Text/Parsec/ByteString/Lazy.o )
[ 8 of 25] Compiling Text.Parsec.ByteString ( Text/Parsec/ByteString.hs, dist/dist-sandbox-b55cc25f/build/Text/Parsec/ByteString.o )
[ 9 of 25] Compiling Text.Parsec      ( Text/Parsec.hs, dist/dist-sandbox-b55cc25f/build/Text/Parsec.o )
[10 of 25] Compiling Text.Parsec.Perm ( Text/Parsec/Perm.hs, dist/dist-sandbox-b55cc25f/build/Text/Parsec/Perm.o )
[11 of 25] Compiling Text.Parsec.String ( Text/Parsec/String.hs, dist/dist-sandbox-b55cc25f/build/Text/Parsec/String.o )
[12 of 25] Compiling Text.Parsec.Text ( Text/Parsec/Text.hs, dist/dist-sandbox-b55cc25f/build/Text/Parsec/Text.o )
[13 of 25] Compiling Text.Parsec.Text.Lazy ( Text/Parsec/Text/Lazy.hs, dist/dist-sandbox-b55cc25f/build/Text/Parsec/Text/Lazy.o )
[14 of 25] Compiling Text.Parsec.Token ( Text/Parsec/Token.hs, dist/dist-sandbox-b55cc25f/build/Text/Parsec/Token.o )
[15 of 25] Compiling Text.Parsec.Language ( Text/Parsec/Language.hs, dist/dist-sandbox-b55cc25f/build/Text/Parsec/Language.o )
[16 of 25] Compiling Text.ParserCombinators.Parsec.Char ( Text/ParserCombinators/Parsec/Char.hs, dist/dist-sandbox-b55cc25f/build/Text/ParserCombinators/Parsec/Char.o )
[17 of 25] Compiling Text.ParserCombinators.Parsec.Combinator ( Text/ParserCombinators/Parsec/Combinator.hs, dist/dist-sandbox-b55cc25f/build/Text/ParserCombinators/Parsec/Combinator.o )
[18 of 25] Compiling Text.ParserCombinators.Parsec.Error ( Text/ParserCombinators/Parsec/Error.hs, dist/dist-sandbox-b55cc25f/build/Text/ParserCombinators/Parsec/Error.o )
[19 of 25] Compiling Text.ParserCombinators.Parsec.Language ( Text/ParserCombinators/Parsec/Language.hs, dist/dist-sandbox-b55cc25f/build/Text/ParserCombinators/Parsec/Language.o )
[20 of 25] Compiling Text.ParserCombinators.Parsec.Perm ( Text/ParserCombinators/Parsec/Perm.hs, dist/dist-sandbox-b55cc25f/build/Text/ParserCombinators/Parsec/Perm.o )
[21 of 25] Compiling Text.ParserCombinators.Parsec.Pos ( Text/ParserCombinators/Parsec/Pos.hs, dist/dist-sandbox-b55cc25f/build/Text/ParserCombinators/Parsec/Pos.o )
[22 of 25] Compiling Text.ParserCombinators.Parsec.Prim ( Text/ParserCombinators/Parsec/Prim.hs, dist/dist-sandbox-b55cc25f/build/Text/ParserCombinators/Parsec/Prim.o )
[23 of 25] Compiling Text.ParserCombinators.Parsec ( Text/ParserCombinators/Parsec.hs, dist/dist-sandbox-b55cc25f/build/Text/ParserCombinators/Parsec.o )
[24 of 25] Compiling Text.ParserCombinators.Parsec.Expr ( Text/ParserCombinators/Parsec/Expr.hs, dist/dist-sandbox-b55cc25f/build/Text/ParserCombinators/Parsec/Expr.o )
[25 of 25] Compiling Text.ParserCombinators.Parsec.Token ( Text/ParserCombinators/Parsec/Token.hs, dist/dist-sandbox-b55cc25f/build/Text/ParserCombinators/Parsec/Token.o )
Installing library in /Users/konradGnoinski/studies/advancedProgramming/haskel/AP/assingment2/src/Parser/.cabal-sandbox/lib/x86_64-osx-ghc-8.2.1/parsec-3.1.11-DPgnR92AWEaFOaixmwipet
cabal: Leaving directory '/var/folders/kj/kvwp229d2vdd49m758mdr_hc0000gn/T/cabal-tmp-66990/parsec-3.1.11'
